<?xml version="1.0" encoding="UTF-8"?>
<!-- Generated by org.testng.reporters.JUnitReportReporter -->
<testsuite hostname="DESKTOP-F7SHF1O" failures="0" tests="1" name="com.orange.tests.AdminTests" time="13.883" errors="0" timestamp="2023-04-10T10:19:33 IST" skipped="0">
  <testcase classname="com.orange.tests.AdminTests" name="TC1_ProvideAdminRights" time="13.883"/>
  <system-out/>
</testsuite> <!-- com.orange.tests.AdminTests -->
