<?xml version="1.0" encoding="UTF-8"?>
<!-- Generated by org.testng.reporters.JUnitReportReporter -->
<testsuite hostname="DESKTOP-F7SHF1O" failures="0" tests="1" name="com.orange.tests.CreateEmployee" time="24.533" errors="0" timestamp="2023-04-10T10:04:32 IST" skipped="0">
  <testcase classname="com.orange.tests.CreateEmployee" name="TC1_CreateEmployee" time="24.533"/>
  <system-out/>
</testsuite> <!-- com.orange.tests.CreateEmployee -->
