<?xml version="1.0" encoding="UTF-8"?>
<!-- Generated by org.testng.reporters.JUnitReportReporter -->
<testsuite hostname="DESKTOP-F7SHF1O" failures="0" tests="1" name="com.orange.tests.TS2_AdminTests" time="13.854" errors="0" timestamp="2023-04-26T09:42:45 IST" skipped="0">
  <testcase classname="com.orange.tests.TS2_AdminTests" name="TC1_ProvideAdminRights" time="13.854"/>
  <system-out/>
</testsuite> <!-- com.orange.tests.TS2_AdminTests -->
