<?xml version="1.0" encoding="UTF-8"?>
<!-- Generated by org.testng.reporters.JUnitReportReporter -->
<testsuite hostname="DESKTOP-F7SHF1O" failures="0" tests="1" name="com.orange.tests.TS1_CreateEmployee" time="16.412" errors="0" timestamp="2023-04-26T09:43:43 IST" skipped="0">
  <testcase classname="com.orange.tests.TS1_CreateEmployee" name="TC1_CreateEmployee" time="16.412"/>
  <system-out/>
</testsuite> <!-- com.orange.tests.TS1_CreateEmployee -->
